e:\大三\第一学期\嵌入式\micrium_win32_os2\micrium\software\evalboards\microsoft\windows\os2\visual studio\debug\vc140.pdb
e:\大三\第一学期\嵌入式\micrium_win32_os2\micrium\software\evalboards\microsoft\windows\os2\visual studio\debug\vc140.idb
e:\大三\第一学期\嵌入式\micrium_win32_os2\micrium\software\evalboards\microsoft\windows\os2\visual studio\debug\lib_ascii.obj
e:\大三\第一学期\嵌入式\micrium_win32_os2\micrium\software\evalboards\microsoft\windows\os2\visual studio\debug\lib_math.obj
e:\大三\第一学期\嵌入式\micrium_win32_os2\micrium\software\evalboards\microsoft\windows\os2\visual studio\debug\lib_mem.obj
e:\大三\第一学期\嵌入式\micrium_win32_os2\micrium\software\evalboards\microsoft\windows\os2\visual studio\debug\lib_str.obj
e:\大三\第一学期\嵌入式\micrium_win32_os2\micrium\software\evalboards\microsoft\windows\os2\visual studio\debug\os_cpu_c.obj
e:\大三\第一学期\嵌入式\micrium_win32_os2\micrium\software\evalboards\microsoft\windows\os2\visual studio\debug\os_core.obj
e:\大三\第一学期\嵌入式\micrium_win32_os2\micrium\software\evalboards\microsoft\windows\os2\visual studio\debug\os_dbg_r.obj
e:\大三\第一学期\嵌入式\micrium_win32_os2\micrium\software\evalboards\microsoft\windows\os2\visual studio\debug\os_flag.obj
e:\大三\第一学期\嵌入式\micrium_win32_os2\micrium\software\evalboards\microsoft\windows\os2\visual studio\debug\os_mbox.obj
e:\大三\第一学期\嵌入式\micrium_win32_os2\micrium\software\evalboards\microsoft\windows\os2\visual studio\debug\os_mem.obj
e:\大三\第一学期\嵌入式\micrium_win32_os2\micrium\software\evalboards\microsoft\windows\os2\visual studio\debug\os_mutex.obj
e:\大三\第一学期\嵌入式\micrium_win32_os2\micrium\software\evalboards\microsoft\windows\os2\visual studio\debug\os_q.obj
e:\大三\第一学期\嵌入式\micrium_win32_os2\micrium\software\evalboards\microsoft\windows\os2\visual studio\debug\os_sem.obj
e:\大三\第一学期\嵌入式\micrium_win32_os2\micrium\software\evalboards\microsoft\windows\os2\visual studio\debug\os_task.obj
e:\大三\第一学期\嵌入式\micrium_win32_os2\micrium\software\evalboards\microsoft\windows\os2\visual studio\debug\os_time.obj
e:\大三\第一学期\嵌入式\micrium_win32_os2\micrium\software\evalboards\microsoft\windows\os2\visual studio\debug\os_tmr.obj
e:\大三\第一学期\嵌入式\micrium_win32_os2\micrium\software\evalboards\microsoft\windows\os2\visual studio\debug\bsp.obj
e:\大三\第一学期\嵌入式\micrium_win32_os2\micrium\software\evalboards\microsoft\windows\os2\visual studio\debug\cpu_bsp.obj
e:\大三\第一学期\嵌入式\micrium_win32_os2\micrium\software\evalboards\microsoft\windows\os2\visual studio\debug\app.obj
e:\大三\第一学期\嵌入式\micrium_win32_os2\micrium\software\evalboards\microsoft\windows\os2\visual studio\debug\app_hooks.obj
e:\大三\第一学期\嵌入式\micrium_win32_os2\micrium\software\evalboards\microsoft\windows\os2\visual studio\debug\cpu_core.obj
e:\大三\第一学期\嵌入式\micrium_win32_os2\micrium\software\evalboards\microsoft\windows\os2\visual studio\debug\cpu_c.obj
e:\大三\第一学期\嵌入式\micrium_win32_os2\micrium\software\evalboards\microsoft\windows\os2\visual studio\debug\os2.ilk
e:\大三\第一学期\嵌入式\micrium_win32_os2\micrium\software\evalboards\microsoft\windows\os2\visual studio\debug\os2.exe
e:\大三\第一学期\嵌入式\micrium_win32_os2\micrium\software\evalboards\microsoft\windows\os2\visual studio\debug\os2.pdb
e:\大三\第一学期\嵌入式\micrium_win32_os2\micrium\software\evalboards\microsoft\windows\os2\visual studio\debug\os2.tlog\cl.command.1.tlog
e:\大三\第一学期\嵌入式\micrium_win32_os2\micrium\software\evalboards\microsoft\windows\os2\visual studio\debug\os2.tlog\cl.read.1.tlog
e:\大三\第一学期\嵌入式\micrium_win32_os2\micrium\software\evalboards\microsoft\windows\os2\visual studio\debug\os2.tlog\cl.write.1.tlog
e:\大三\第一学期\嵌入式\micrium_win32_os2\micrium\software\evalboards\microsoft\windows\os2\visual studio\debug\os2.tlog\link.command.1.tlog
e:\大三\第一学期\嵌入式\micrium_win32_os2\micrium\software\evalboards\microsoft\windows\os2\visual studio\debug\os2.tlog\link.read.1.tlog
e:\大三\第一学期\嵌入式\micrium_win32_os2\micrium\software\evalboards\microsoft\windows\os2\visual studio\debug\os2.tlog\link.write.1.tlog
